2017-12-07 14:13:33.945 |-INFO  [restartedMain] com.yt.shop.ShopApplication [logStarting 48] -| Starting ShopApplication on PC-20170830XIPK with PID 6772 (D:\mywork\shop\target\classes started by Administrator in D:\mywork\shop)
"2017-12-07 14:13:33.946 |-DEBUG [restartedMain] com.yt.shop.ShopApplication [logStarting 51] -| Running with Spring Boot v1.5.8.RELEASE, Spring v4.3.12.RELEASE
"2017-12-07 14:13:33.946 |-INFO  [restartedMain] com.yt.shop.ShopApplication [logStartupProfileInfo 593] -| No active profile set, falling back to default profiles: default
"2017-12-07 14:13:34.063 |-INFO  [background-preinit] org.hibernate.validator.internal.util.Version [<clinit> 30] -| HV000001: Hibernate Validator 5.3.5.Final
"2017-12-07 14:13:34.118 |-INFO  [restartedMain] org.springframework.boot.context.embedded.AnnotationConfigEmbeddedWebApplicationContext [prepareRefresh 583] -| Refreshing org.springframework.boot.context.embedded.AnnotationConfigEmbeddedWebApplicationContext@45061d4d: startup date [Thu Dec 07 14:13:34 CST 2017]; root of context hierarchy
"2017-12-07 14:13:35.831 |-INFO  [restartedMain] org.springframework.boot.context.embedded.tomcat.TomcatEmbeddedServletContainer [initialize 89] -| Tomcat initialized with port(s): 8081 (http)
"2017-12-07 14:13:35.839 |-INFO  [restartedMain] org.apache.catalina.core.StandardService [log 179] -| Starting service [Tomcat]
"2017-12-07 14:13:35.840 |-INFO  [restartedMain] org.apache.catalina.core.StandardEngine [log 179] -| Starting Servlet Engine: Apache Tomcat/8.5.23
"2017-12-07 14:13:35.905 |-INFO  [localhost-startStop-1] org.apache.catalina.core.ContainerBase.[Tomcat].[localhost].[/] [log 179] -| Initializing Spring embedded WebApplicationContext
"2017-12-07 14:13:35.905 |-INFO  [localhost-startStop-1] org.springframework.web.context.ContextLoader [prepareEmbeddedWebApplicationContext 276] -| Root WebApplicationContext: initialization completed in 1787 ms
"2017-12-07 14:13:36.043 |-INFO  [localhost-startStop-1] org.springframework.boot.web.servlet.ServletRegistrationBean [onStartup 190] -| Mapping servlet: 'dispatcherServlet' to [/]
"2017-12-07 14:13:36.044 |-INFO  [localhost-startStop-1] org.springframework.boot.web.servlet.ServletRegistrationBean [onStartup 190] -| Mapping servlet: 'com.yt.shop.common.servlet.DruidStatViewServlet' to [/druid/*]
"2017-12-07 14:13:36.045 |-INFO  [localhost-startStop-1] org.springframework.boot.web.servlet.ServletRegistrationBean [onStartup 190] -| Mapping servlet: 'com.yt.shop.common.servlet.TestServlet' to [/servlet/testServlet]
"2017-12-07 14:13:36.048 |-INFO  [localhost-startStop-1] org.springframework.boot.web.servlet.FilterRegistrationBean [configure 258] -| Mapping filter: 'characterEncodingFilter' to: [/*]
"2017-12-07 14:13:36.049 |-INFO  [localhost-startStop-1] org.springframework.boot.web.servlet.FilterRegistrationBean [configure 258] -| Mapping filter: 'hiddenHttpMethodFilter' to: [/*]
"2017-12-07 14:13:36.049 |-INFO  [localhost-startStop-1] org.springframework.boot.web.servlet.FilterRegistrationBean [configure 258] -| Mapping filter: 'httpPutFormContentFilter' to: [/*]
"2017-12-07 14:13:36.050 |-INFO  [localhost-startStop-1] org.springframework.boot.web.servlet.FilterRegistrationBean [configure 258] -| Mapping filter: 'requestContextFilter' to: [/*]
"2017-12-07 14:13:36.051 |-INFO  [localhost-startStop-1] org.springframework.boot.web.servlet.FilterRegistrationBean [configure 271] -| Mapping filter: 'druidWebStatFilter' to urls: [/*]
"2017-12-07 14:13:36.276 |-INFO  [restartedMain] com.alibaba.druid.pool.DruidDataSource [init 932] -| {dataSource-1} inited
"2017-12-07 14:13:36.444 |-INFO  [restartedMain] org.springframework.orm.jpa.LocalContainerEntityManagerFactoryBean [createNativeEntityManagerFactory 349] -| Building JPA container EntityManagerFactory for persistence unit 'default'
"2017-12-07 14:13:36.453 |-INFO  [restartedMain] org.hibernate.jpa.internal.util.LogHelper [logPersistenceUnitInformation 31] -| HHH000204: Processing PersistenceUnitInfo [
	name: default
	...]
"2017-12-07 14:13:36.531 |-INFO  [restartedMain] org.hibernate.Version [logVersion 37] -| HHH000412: Hibernate Core {5.0.12.Final}
"2017-12-07 14:13:36.533 |-INFO  [restartedMain] org.hibernate.cfg.Environment [<clinit> 213] -| HHH000206: hibernate.properties not found
"2017-12-07 14:13:36.534 |-INFO  [restartedMain] org.hibernate.cfg.Environment [buildBytecodeProvider 317] -| HHH000021: Bytecode provider name : javassist
"2017-12-07 14:13:36.592 |-INFO  [restartedMain] org.hibernate.annotations.common.Version [<clinit> 66] -| HCANN000001: Hibernate Commons Annotations {5.0.1.Final}
"2017-12-07 14:13:36.893 |-INFO  [restartedMain] org.hibernate.dialect.Dialect [<init> 156] -| HHH000400: Using dialect: org.hibernate.dialect.MySQL5Dialect
"2017-12-07 14:13:37.408 |-INFO  [restartedMain] org.springframework.orm.jpa.LocalContainerEntityManagerFactoryBean [buildNativeEntityManagerFactory 379] -| Initialized JPA EntityManagerFactory for persistence unit 'default'
"2017-12-07 14:13:37.637 |-INFO  [restartedMain] org.hibernate.hql.internal.QueryTranslatorFactoryInitiator [initiateService 47] -| HHH000397: Using ASTQueryTranslatorFactory
"2017-12-07 14:13:37.887 |-INFO  [restartedMain] org.springframework.web.servlet.mvc.method.annotation.RequestMappingHandlerAdapter [initControllerAdviceCache 534] -| Looking for @ControllerAdvice: org.springframework.boot.context.embedded.AnnotationConfigEmbeddedWebApplicationContext@45061d4d: startup date [Thu Dec 07 14:13:34 CST 2017]; root of context hierarchy
"2017-12-07 14:13:37.937 |-INFO  [restartedMain] org.springframework.web.servlet.mvc.method.annotation.RequestMappingHandlerMapping [register 543] -| Mapped "{[/person/savePerson]}" onto public int com.yt.shop.controller.DemoController.savePerson(com.yt.shop.model.Person)
"2017-12-07 14:13:37.938 |-INFO  [restartedMain] org.springframework.web.servlet.mvc.method.annotation.RequestMappingHandlerMapping [register 543] -| Mapped "{[/person/listPerson]}" onto public java.util.List<com.yt.shop.model.Person> com.yt.shop.controller.DemoController.listPerson()
"2017-12-07 14:13:37.938 |-INFO  [restartedMain] org.springframework.web.servlet.mvc.method.annotation.RequestMappingHandlerMapping [register 543] -| Mapped "{[/person/personUpload]}" onto public java.lang.String com.yt.shop.controller.DemoController.personUpload()
"2017-12-07 14:13:37.939 |-INFO  [restartedMain] org.springframework.web.servlet.mvc.method.annotation.RequestMappingHandlerMapping [register 543] -| Mapped "{[/person/savePerson1]}" onto public int com.yt.shop.controller.DemoController.savePerson1(org.springframework.web.multipart.MultipartFile,javax.servlet.http.HttpServletRequest)
"2017-12-07 14:13:37.939 |-INFO  [restartedMain] org.springframework.web.servlet.mvc.method.annotation.RequestMappingHandlerMapping [register 543] -| Mapped "{[/test]}" onto public java.lang.String com.yt.shop.controller.TestController.test()
"2017-12-07 14:13:37.939 |-INFO  [restartedMain] org.springframework.web.servlet.mvc.method.annotation.RequestMappingHandlerMapping [register 543] -| Mapped "{[/test2]}" onto public java.lang.String com.yt.shop.controller.TestController.test2(org.springframework.ui.Model)
"2017-12-07 14:13:37.940 |-INFO  [restartedMain] org.springframework.web.servlet.mvc.method.annotation.RequestMappingHandlerMapping [register 543] -| Mapped "{[/testError]}" onto public java.lang.String com.yt.shop.controller.TestController.testError()
"2017-12-07 14:13:37.940 |-INFO  [restartedMain] org.springframework.web.servlet.mvc.method.annotation.RequestMappingHandlerMapping [register 543] -| Mapped "{[/login]}" onto public java.lang.String com.yt.shop.controller.TestController.toLogin()
"2017-12-07 14:13:37.940 |-INFO  [restartedMain] org.springframework.web.servlet.mvc.method.annotation.RequestMappingHandlerMapping [register 543] -| Mapped "{[/user/login]}" onto public int com.yt.shop.controller.TestController.login(java.lang.String,java.lang.String)
"2017-12-07 14:13:37.940 |-INFO  [restartedMain] org.springframework.web.servlet.mvc.method.annotation.RequestMappingHandlerMapping [register 543] -| Mapped "{[/testuploadimg],methods=[POST]}" onto public java.lang.String com.yt.shop.controller.TestController.uploadImg(org.springframework.web.multipart.MultipartFile,javax.servlet.http.HttpServletRequest)
"2017-12-07 14:13:37.941 |-INFO  [restartedMain] org.springframework.web.servlet.mvc.method.annotation.RequestMappingHandlerMapping [register 543] -| Mapped "{[/admin/validUser],methods=[POST]}" onto public java.lang.String com.yt.shop.controller.UserInfoController.validUser(javax.servlet.http.HttpServletRequest) throws java.io.IOException
"2017-12-07 14:13:37.941 |-INFO  [restartedMain] org.springframework.web.servlet.mvc.method.annotation.RequestMappingHandlerMapping [register 543] -| Mapped "{[/valiCode]}" onto public void com.yt.shop.controller.UserInfoController.authImage(javax.servlet.http.HttpServletRequest,javax.servlet.http.HttpServletResponse) throws java.io.IOException
"2017-12-07 14:13:37.943 |-INFO  [restartedMain] org.springframework.web.servlet.mvc.method.annotation.RequestMappingHandlerMapping [register 543] -| Mapped "{[/error]}" onto public org.springframework.http.ResponseEntity<java.util.Map<java.lang.String, java.lang.Object>> org.springframework.boot.autoconfigure.web.BasicErrorController.error(javax.servlet.http.HttpServletRequest)
"2017-12-07 14:13:37.943 |-INFO  [restartedMain] org.springframework.web.servlet.mvc.method.annotation.RequestMappingHandlerMapping [register 543] -| Mapped "{[/error],produces=[text/html]}" onto public org.springframework.web.servlet.ModelAndView org.springframework.boot.autoconfigure.web.BasicErrorController.errorHtml(javax.servlet.http.HttpServletRequest,javax.servlet.http.HttpServletResponse)
"2017-12-07 14:13:37.958 |-INFO  [restartedMain] com.yt.shop.common.config.WebAppConfig [addResourceHandlers 33] -| imagesPath=file:///usr/shop/upload
"2017-12-07 14:13:37.965 |-INFO  [restartedMain] org.springframework.web.servlet.handler.SimpleUrlHandlerMapping [registerHandler 362] -| Mapped URL path [/upload/**] onto handler of type [class org.springframework.web.servlet.resource.ResourceHttpRequestHandler]
"2017-12-07 14:13:37.965 |-INFO  [restartedMain] org.springframework.web.servlet.handler.SimpleUrlHandlerMapping [registerHandler 362] -| Mapped URL path [/webjars/**] onto handler of type [class org.springframework.web.servlet.resource.ResourceHttpRequestHandler]
"2017-12-07 14:13:37.965 |-INFO  [restartedMain] org.springframework.web.servlet.handler.SimpleUrlHandlerMapping [registerHandler 362] -| Mapped URL path [/**] onto handler of type [class org.springframework.web.servlet.resource.ResourceHttpRequestHandler]
"2017-12-07 14:13:37.978 |-INFO  [restartedMain] org.springframework.web.servlet.mvc.method.annotation.ExceptionHandlerExceptionResolver [initExceptionHandlerAdviceCache 273] -| Detected @ExceptionHandler methods in globalExceptionHandler
"2017-12-07 14:13:38.370 |-INFO  [restartedMain] org.springframework.boot.devtools.autoconfigure.OptionalLiveReloadServer [startServer 58] -| LiveReload server is running on port 35729
"2017-12-07 14:13:38.411 |-INFO  [restartedMain] org.springframework.jmx.export.annotation.AnnotationMBeanExporter [afterSingletonsInstantiated 431] -| Registering beans for JMX exposure on startup
"2017-12-07 14:13:38.413 |-INFO  [restartedMain] org.springframework.jmx.export.annotation.AnnotationMBeanExporter [autodetect 916] -| Bean with name 'dataSource' has been autodetected for JMX exposure
"2017-12-07 14:13:38.416 |-INFO  [restartedMain] org.springframework.jmx.export.annotation.AnnotationMBeanExporter [registerBeanInstance 671] -| Located MBean 'dataSource': registering with JMX server as MBean [com.alibaba.druid.pool:name=dataSource,type=DruidDataSource]
"2017-12-07 14:13:38.426 |-INFO  [restartedMain] org.apache.coyote.http11.Http11NioProtocol [log 179] -| Initializing ProtocolHandler ["http-nio-8081"]
"2017-12-07 14:13:38.432 |-INFO  [restartedMain] org.apache.coyote.http11.Http11NioProtocol [log 179] -| Starting ProtocolHandler ["http-nio-8081"]
"2017-12-07 14:13:38.441 |-INFO  [restartedMain] org.apache.tomcat.util.net.NioSelectorPool [log 179] -| Using a shared selector for servlet write/read
"2017-12-07 14:13:38.456 |-INFO  [restartedMain] org.springframework.boot.context.embedded.tomcat.TomcatEmbeddedServletContainer [start 201] -| Tomcat started on port(s): 8081 (http)
"2017-12-07 14:13:38.459 |-INFO  [restartedMain] com.yt.shop.ShopApplication [logStarted 57] -| Started ShopApplication in 4.841 seconds (JVM running for 5.91)
"