2017-11-27 09:17:26.911 |-INFO  [restartedMain] com.yt.shop.ShopApplication [logStarting 48] -| Starting ShopApplication on PC-20170830XIPK with PID 3760 (D:\mywork\shop\target\classes started by Administrator in D:\mywork\shop)
"2017-11-27 09:17:26.911 |-INFO  [restartedMain] com.yt.shop.ShopApplication [logStartupProfileInfo 593] -| No active profile set, falling back to default profiles: default
"2017-11-27 09:17:26.989 |-INFO  [background-preinit] org.hibernate.validator.internal.util.Version [<clinit> 30] -| HV000001: Hibernate Validator 5.3.5.Final
"2017-11-27 09:17:27.020 |-INFO  [restartedMain] org.springframework.boot.context.embedded.AnnotationConfigEmbeddedWebApplicationContext [prepareRefresh 583] -| Refreshing org.springframework.boot.context.embedded.AnnotationConfigEmbeddedWebApplicationContext@5158cda7: startup date [Mon Nov 27 09:17:27 CST 2017]; root of context hierarchy
"2017-11-27 09:17:27.956 |-INFO  [restartedMain] org.springframework.boot.context.embedded.tomcat.TomcatEmbeddedServletContainer [initialize 89] -| Tomcat initialized with port(s): 8080 (http)
"2017-11-27 09:17:27.971 |-INFO  [restartedMain] org.apache.catalina.core.StandardService [log 179] -| Starting service [Tomcat]
"2017-11-27 09:17:27.971 |-INFO  [restartedMain] org.apache.catalina.core.StandardEngine [log 179] -| Starting Servlet Engine: Apache Tomcat/8.5.23
"2017-11-27 09:17:28.018 |-INFO  [localhost-startStop-1] org.apache.catalina.core.ContainerBase.[Tomcat].[localhost].[/] [log 179] -| Initializing Spring embedded WebApplicationContext
"2017-11-27 09:17:28.018 |-INFO  [localhost-startStop-1] org.springframework.web.context.ContextLoader [prepareEmbeddedWebApplicationContext 276] -| Root WebApplicationContext: initialization completed in 998 ms
"2017-11-27 09:17:28.127 |-INFO  [localhost-startStop-1] org.springframework.boot.web.servlet.ServletRegistrationBean [onStartup 190] -| Mapping servlet: 'dispatcherServlet' to [/]
"2017-11-27 09:17:28.127 |-INFO  [localhost-startStop-1] org.springframework.boot.web.servlet.ServletRegistrationBean [onStartup 190] -| Mapping servlet: 'com.yt.shop.common.servlet.DruidStatViewServlet' to [/druid/*]
"2017-11-27 09:17:28.127 |-INFO  [localhost-startStop-1] org.springframework.boot.web.servlet.ServletRegistrationBean [onStartup 190] -| Mapping servlet: 'com.yt.shop.common.servlet.TestServlet' to [/servlet/testServlet]
"2017-11-27 09:17:28.143 |-INFO  [localhost-startStop-1] org.springframework.boot.web.servlet.FilterRegistrationBean [configure 258] -| Mapping filter: 'characterEncodingFilter' to: [/*]
"2017-11-27 09:17:28.143 |-INFO  [localhost-startStop-1] org.springframework.boot.web.servlet.FilterRegistrationBean [configure 258] -| Mapping filter: 'hiddenHttpMethodFilter' to: [/*]
"2017-11-27 09:17:28.143 |-INFO  [localhost-startStop-1] org.springframework.boot.web.servlet.FilterRegistrationBean [configure 258] -| Mapping filter: 'httpPutFormContentFilter' to: [/*]
"2017-11-27 09:17:28.143 |-INFO  [localhost-startStop-1] org.springframework.boot.web.servlet.FilterRegistrationBean [configure 258] -| Mapping filter: 'requestContextFilter' to: [/*]
"2017-11-27 09:17:28.143 |-INFO  [localhost-startStop-1] org.springframework.boot.web.servlet.FilterRegistrationBean [configure 271] -| Mapping filter: 'druidWebStatFilter' to urls: [/*]
"2017-11-27 09:17:28.143 |-INFO  [localhost-startStop-1] org.springframework.boot.web.servlet.FilterRegistrationBean [configure 271] -| Mapping filter: 'testFilter' to urls: [/*]
"2017-11-27 09:17:28.143 |-INFO  [localhost-startStop-1] com.yt.shop.common.filter.TestFilter [init 21] -| test execute filter....init 
"2017-11-27 09:17:28.283 |-INFO  [restartedMain] com.alibaba.druid.pool.DruidDataSource [init 932] -| {dataSource-1} inited
"2017-11-27 09:17:28.424 |-INFO  [restartedMain] org.springframework.orm.jpa.LocalContainerEntityManagerFactoryBean [createNativeEntityManagerFactory 349] -| Building JPA container EntityManagerFactory for persistence unit 'default'
"2017-11-27 09:17:28.424 |-INFO  [restartedMain] org.hibernate.jpa.internal.util.LogHelper [logPersistenceUnitInformation 31] -| HHH000204: Processing PersistenceUnitInfo [
	name: default
	...]
"2017-11-27 09:17:28.455 |-INFO  [restartedMain] org.hibernate.Version [logVersion 37] -| HHH000412: Hibernate Core {5.0.12.Final}
"2017-11-27 09:17:28.455 |-INFO  [restartedMain] org.hibernate.cfg.Environment [<clinit> 213] -| HHH000206: hibernate.properties not found
"2017-11-27 09:17:28.455 |-INFO  [restartedMain] org.hibernate.cfg.Environment [buildBytecodeProvider 317] -| HHH000021: Bytecode provider name : javassist
"2017-11-27 09:17:28.486 |-INFO  [restartedMain] org.hibernate.annotations.common.Version [<clinit> 66] -| HCANN000001: Hibernate Commons Annotations {5.0.1.Final}
"2017-11-27 09:17:28.627 |-INFO  [restartedMain] org.hibernate.dialect.Dialect [<init> 156] -| HHH000400: Using dialect: org.hibernate.dialect.MySQL5Dialect
"2017-11-27 09:17:28.829 |-INFO  [restartedMain] org.hibernate.tool.hbm2ddl.SchemaUpdate [execute 105] -| HHH000228: Running hbm2ddl schema update
"2017-11-27 09:17:28.876 |-INFO  [restartedMain] org.springframework.orm.jpa.LocalContainerEntityManagerFactoryBean [buildNativeEntityManagerFactory 379] -| Initialized JPA EntityManagerFactory for persistence unit 'default'
"2017-11-27 09:17:29.001 |-INFO  [restartedMain] org.hibernate.hql.internal.QueryTranslatorFactoryInitiator [initiateService 47] -| HHH000397: Using ASTQueryTranslatorFactory
"2017-11-27 09:17:29.235 |-INFO  [restartedMain] org.springframework.web.servlet.mvc.method.annotation.RequestMappingHandlerAdapter [initControllerAdviceCache 534] -| Looking for @ControllerAdvice: org.springframework.boot.context.embedded.AnnotationConfigEmbeddedWebApplicationContext@5158cda7: startup date [Mon Nov 27 09:17:27 CST 2017]; root of context hierarchy
"2017-11-27 09:17:29.266 |-INFO  [restartedMain] org.springframework.web.servlet.mvc.method.annotation.RequestMappingHandlerMapping [register 543] -| Mapped "{[/test]}" onto public java.lang.String com.yt.shop.controller.TestController.test()
"2017-11-27 09:17:29.266 |-INFO  [restartedMain] org.springframework.web.servlet.mvc.method.annotation.RequestMappingHandlerMapping [register 543] -| Mapped "{[/userList]}" onto public java.util.List<com.yt.shop.model.UserInfo> com.yt.shop.controller.TestController.findList()
"2017-11-27 09:17:29.266 |-INFO  [restartedMain] org.springframework.web.servlet.mvc.method.annotation.RequestMappingHandlerMapping [register 543] -| Mapped "{[/userInfo]}" onto public com.yt.shop.model.UserInfo com.yt.shop.controller.TestController.findUserInfo()
"2017-11-27 09:17:29.266 |-INFO  [restartedMain] org.springframework.web.servlet.mvc.method.annotation.RequestMappingHandlerMapping [register 543] -| Mapped "{[/test2]}" onto public java.lang.String com.yt.shop.controller.TestController.test2(org.springframework.ui.Model)
"2017-11-27 09:17:29.266 |-INFO  [restartedMain] org.springframework.web.servlet.mvc.method.annotation.RequestMappingHandlerMapping [register 543] -| Mapped "{[/testError]}" onto public java.lang.String com.yt.shop.controller.TestController.testError()
"2017-11-27 09:17:29.266 |-INFO  [restartedMain] org.springframework.web.servlet.mvc.method.annotation.RequestMappingHandlerMapping [register 543] -| Mapped "{[/testuploadimg],methods=[POST]}" onto public java.lang.String com.yt.shop.controller.TestController.uploadImg(org.springframework.web.multipart.MultipartFile,javax.servlet.http.HttpServletRequest)
"2017-11-27 09:17:29.266 |-INFO  [restartedMain] org.springframework.web.servlet.mvc.method.annotation.RequestMappingHandlerMapping [register 543] -| Mapped "{[/user/login]}" onto public com.yt.shop.model.UserInfo com.yt.shop.controller.TestController.login(java.lang.String,java.lang.String)
"2017-11-27 09:17:29.266 |-INFO  [restartedMain] org.springframework.web.servlet.mvc.method.annotation.RequestMappingHandlerMapping [register 543] -| Mapped "{[/user/findUserInfoList]}" onto public java.util.List<java.util.Map<java.lang.String, java.lang.Object>> com.yt.shop.controller.TestController.findUserInfoList()
"2017-11-27 09:17:29.266 |-INFO  [restartedMain] org.springframework.web.servlet.mvc.method.annotation.RequestMappingHandlerMapping [register 543] -| Mapped "{[/error]}" onto public org.springframework.http.ResponseEntity<java.util.Map<java.lang.String, java.lang.Object>> org.springframework.boot.autoconfigure.web.BasicErrorController.error(javax.servlet.http.HttpServletRequest)
"2017-11-27 09:17:29.282 |-INFO  [restartedMain] org.springframework.web.servlet.mvc.method.annotation.RequestMappingHandlerMapping [register 543] -| Mapped "{[/error],produces=[text/html]}" onto public org.springframework.web.servlet.ModelAndView org.springframework.boot.autoconfigure.web.BasicErrorController.errorHtml(javax.servlet.http.HttpServletRequest,javax.servlet.http.HttpServletResponse)
"2017-11-27 09:17:29.282 |-INFO  [restartedMain] com.yt.shop.common.config.WebAppConfig [addResourceHandlers 26] -| imagesPath=file:///d:/mywork/shop/upload/
"2017-11-27 09:17:29.297 |-INFO  [restartedMain] org.springframework.web.servlet.handler.SimpleUrlHandlerMapping [registerHandler 362] -| Mapped URL path [/upload/**] onto handler of type [class org.springframework.web.servlet.resource.ResourceHttpRequestHandler]
"2017-11-27 09:17:29.297 |-INFO  [restartedMain] org.springframework.web.servlet.handler.SimpleUrlHandlerMapping [registerHandler 362] -| Mapped URL path [/webjars/**] onto handler of type [class org.springframework.web.servlet.resource.ResourceHttpRequestHandler]
"2017-11-27 09:17:29.297 |-INFO  [restartedMain] org.springframework.web.servlet.handler.SimpleUrlHandlerMapping [registerHandler 362] -| Mapped URL path [/**] onto handler of type [class org.springframework.web.servlet.resource.ResourceHttpRequestHandler]
"2017-11-27 09:17:29.313 |-INFO  [restartedMain] org.springframework.web.servlet.mvc.method.annotation.ExceptionHandlerExceptionResolver [initExceptionHandlerAdviceCache 273] -| Detected @ExceptionHandler methods in globalExceptionHandler
"2017-11-27 09:17:29.329 |-INFO  [restartedMain] org.springframework.web.servlet.handler.SimpleUrlHandlerMapping [registerHandler 362] -| Mapped URL path [/**/favicon.ico] onto handler of type [class org.springframework.web.servlet.resource.ResourceHttpRequestHandler]
"2017-11-27 09:17:29.625 |-INFO  [restartedMain] org.springframework.boot.devtools.autoconfigure.OptionalLiveReloadServer [startServer 58] -| LiveReload server is running on port 35729
"2017-11-27 09:17:29.656 |-INFO  [restartedMain] org.springframework.jmx.export.annotation.AnnotationMBeanExporter [afterSingletonsInstantiated 431] -| Registering beans for JMX exposure on startup
"2017-11-27 09:17:29.656 |-INFO  [restartedMain] org.springframework.jmx.export.annotation.AnnotationMBeanExporter [autodetect 916] -| Bean with name 'dataSource' has been autodetected for JMX exposure
"2017-11-27 09:17:29.656 |-INFO  [restartedMain] org.springframework.jmx.export.annotation.AnnotationMBeanExporter [registerBeanInstance 671] -| Located MBean 'dataSource': registering with JMX server as MBean [com.alibaba.druid.pool:name=dataSource,type=DruidDataSource]
"2017-11-27 09:17:29.672 |-INFO  [restartedMain] org.apache.coyote.http11.Http11NioProtocol [log 179] -| Initializing ProtocolHandler ["http-nio-8080"]
"2017-11-27 09:17:29.672 |-INFO  [restartedMain] org.apache.coyote.http11.Http11NioProtocol [log 179] -| Starting ProtocolHandler ["http-nio-8080"]
"2017-11-27 09:17:29.672 |-INFO  [restartedMain] org.apache.tomcat.util.net.NioSelectorPool [log 179] -| Using a shared selector for servlet write/read
"2017-11-27 09:17:29.687 |-INFO  [restartedMain] org.springframework.boot.context.embedded.tomcat.TomcatEmbeddedServletContainer [start 201] -| Tomcat started on port(s): 8080 (http)
"2017-11-27 09:17:29.687 |-INFO  [restartedMain] com.yt.shop.ShopApplication [logStarted 57] -| Started ShopApplication in 2.979 seconds (JVM running for 3.868)
"2017-11-27 09:17:45.728 |-INFO  [http-nio-8080-exec-1] org.apache.catalina.core.ContainerBase.[Tomcat].[localhost].[/] [log 179] -| Initializing Spring FrameworkServlet 'dispatcherServlet'
"2017-11-27 09:17:45.729 |-INFO  [http-nio-8080-exec-1] org.springframework.web.servlet.DispatcherServlet [initServletBean 489] -| FrameworkServlet 'dispatcherServlet': initialization started
"2017-11-27 09:17:45.739 |-INFO  [http-nio-8080-exec-1] org.springframework.web.servlet.DispatcherServlet [initServletBean 508] -| FrameworkServlet 'dispatcherServlet': initialization completed in 10 ms
"2017-11-27 09:17:45.748 |-INFO  [http-nio-8080-exec-1] com.yt.shop.common.filter.TestFilter [doFilter 26] -| test execute filter doFilter
"2017-11-27 09:17:45.749 |-INFO  [http-nio-8080-exec-1] com.yt.shop.common.filter.TestFilter [doFilter 28] -| 请求地址：/userInfo
"2017-11-27 09:17:45.761 |-INFO  [http-nio-8080-exec-1] com.yt.shop.controller.TestController [findUserInfo 65] -| call TestController return object json method.....
"2017-11-27 09:17:45.893 |-INFO  [http-nio-8080-exec-2] com.yt.shop.common.filter.TestFilter [doFilter 26] -| test execute filter doFilter
"2017-11-27 09:17:45.894 |-INFO  [http-nio-8080-exec-2] com.yt.shop.common.filter.TestFilter [doFilter 28] -| 请求地址：/favicon.ico
"2017-11-27 09:17:52.193 |-INFO  [http-nio-8080-exec-3] com.yt.shop.common.filter.TestFilter [doFilter 26] -| test execute filter doFilter
"2017-11-27 09:17:52.193 |-INFO  [http-nio-8080-exec-3] com.yt.shop.common.filter.TestFilter [doFilter 28] -| 请求地址：/userList
"2017-11-27 09:17:52.194 |-INFO  [http-nio-8080-exec-3] com.yt.shop.controller.TestController [findList 76] -| call TestController return list json method......
"